<?xml version="1.0" encoding="utf-8"?><testsuites name="pytest tests"><testsuite name="pytest" errors="0" failures="0" skipped="0" tests="46" time="100.329" timestamp="2026-09-22T10:39:15.217253+00:00" hostname="agent-env-c968c73a-c1d8-4f07-a199-e8607ca7c1bb"><testcase classname="tests.test_iteration2" name="test_login_success" time="0.622" /><testcase classname="tests.test_iteration3" name="test_get_team_current" time="0.628" /><testcase classname="tests.test_iteration2" name="test_login_wrong_password" time="0.335" /><testcase classname="tests.test_iteration3" name="test_put_team_dedupe_and_restore" time="0.552" /><testcase classname="tests.test_iteration2" name="test_me_without_auth" time="0.117" /><testcase classname="tests.test_iteration3" name="test_put_team_invalid_email" time="0.256" /><testcase classname="tests.test_iteration2" name="test_me_with_auth" time="0.562" /><testcase classname="tests.test_iteration3" name="test_patch_owner_set_and_unset" time="0.776" /><testcase classname="tests.test_iteration2" name="test_brute_force_lockout" time="1.111" /><testcase classname="tests.test_iteration3" name="test_owner_filter_excludes" time="0.128" /><testcase classname="tests.test_iteration3" name="test_patch_status_and_notes" time="0.130" /><testcase classname="tests.test_iteration3" name="test_patch_status_invalid" time="0.274" /><testcase classname="tests.test_iteration3" name="test_patch_empty_body_400" time="0.172" /><testcase classname="tests.test_iteration2" name="test_admin_stats_requires_auth" time="0.108" /><testcase classname="tests.test_iteration2" name="test_admin_submissions_requires_auth" time="0.124" /><testcase classname="tests.test_iteration3" name="test_patch_unknown_id_404" time="0.115" /><testcase classname="tests.test_iteration2" name="test_admin_stats" time="0.119" /><testcase classname="tests.test_iteration3" name="test_status_filter_new_includes_no_status" time="0.112" /><testcase classname="tests.test_iteration2" name="test_admin_list_and_search" time="0.245" /><testcase classname="tests.test_iteration3" name="test_status_filter_qualified" time="0.244" /><testcase classname="tests.test_iteration2" name="test_admin_export_csv" time="0.116" /><testcase classname="tests.test_iteration3" name="test_stats_new_fields" time="0.122" /><testcase classname="tests.test_iteration2" name="test_admin_delete_submission" time="0.364" /><testcase classname="tests.test_iteration3" name="test_csv_has_status_owner_notes" time="0.115" /><testcase classname="tests.test_iteration3" name="test_csv_owner_filter" time="0.373" /><testcase classname="tests.test_iteration2" name="test_admin_settings_get_and_update" time="0.593" /><testcase classname="tests.test_iteration3" name="test_press_pdf_ok" time="0.107" /><testcase classname="tests.test_iteration3" name="test_press_pdf_invalid_id_pattern" time="0.118" /><testcase classname="tests.test_iteration3" name="test_brand_logo_svg" time="0.136" /><testcase classname="tests.test_iteration3" name="test_zz_cleanup" time="0.133" /><testcase classname="tests.test_iteration2" name="test_admin_notifications_list" time="0.113" /><testcase classname="tests.test_solix_api" name="test_root_health" time="0.125" /><testcase classname="tests.test_iteration2" name="test_email_alert_on_demo" time="1.289" /><testcase classname="tests.test_solix_api" name="test_submission_create_and_list_demo" time="0.255" /><testcase classname="tests.test_solix_api" name="test_submission_invalid_email" time="0.119" /><testcase classname="tests.test_solix_api" name="test_submission_invalid_type" time="0.137" /><testcase classname="tests.test_solix_api" name="test_submission_all_types[contact]" time="0.123" /><testcase classname="tests.test_solix_api" name="test_submission_all_types[newsletter]" time="0.137" /><testcase classname="tests.test_solix_api" name="test_submission_all_types[career]" time="0.114" /><testcase classname="tests.test_solix_api" name="test_submission_all_types[partner]" time="0.139" /><testcase classname="tests.test_solix_api" name="test_submission_all_types[download]" time="0.109" /><testcase classname="tests.test_solix_api" name="test_chat_short_session_id_422" time="0.137" /><testcase classname="tests.test_iteration2" name="test_newsletter_no_alert" time="18.234" /><testcase classname="tests.test_solix_api" name="test_chat_stream_and_history_and_multiturn_and_delete" time="56.129" /><testcase classname="tests.test_iteration2" name="test_chat_booking_flow" time="75.681" /><testcase classname="tests.test_iteration2" name="test_zz_restore_alert_email" time="0.114" /></testsuite></testsuites>