<?xml version="1.0" encoding="utf-8"?><testsuites name="pytest tests"><testsuite name="pytest" errors="0" failures="0" skipped="0" tests="18" time="4.068" timestamp="2026-09-22T10:39:07.392445+00:00" hostname="agent-env-c968c73a-c1d8-4f07-a199-e8607ca7c1bb"><testcase classname="tests.test_iteration3" name="test_get_team_current" time="0.477" /><testcase classname="tests.test_iteration3" name="test_put_team_dedupe_and_restore" time="0.401" /><testcase classname="tests.test_iteration3" name="test_put_team_invalid_email" time="0.122" /><testcase classname="tests.test_iteration3" name="test_patch_owner_set_and_unset" time="0.577" /><testcase classname="tests.test_iteration3" name="test_owner_filter_excludes" time="0.112" /><testcase classname="tests.test_iteration3" name="test_patch_status_and_notes" time="0.117" /><testcase classname="tests.test_iteration3" name="test_patch_status_invalid" time="0.112" /><testcase classname="tests.test_iteration3" name="test_patch_empty_body_400" time="0.108" /><testcase classname="tests.test_iteration3" name="test_patch_unknown_id_404" time="0.135" /><testcase classname="tests.test_iteration3" name="test_status_filter_new_includes_no_status" time="0.113" /><testcase classname="tests.test_iteration3" name="test_status_filter_qualified" time="0.217" /><testcase classname="tests.test_iteration3" name="test_stats_new_fields" time="0.113" /><testcase classname="tests.test_iteration3" name="test_csv_has_status_owner_notes" time="0.119" /><testcase classname="tests.test_iteration3" name="test_csv_owner_filter" time="0.372" /><testcase classname="tests.test_iteration3" name="test_press_pdf_ok" time="0.118" /><testcase classname="tests.test_iteration3" name="test_press_pdf_invalid_id_pattern" time="0.130" /><testcase classname="tests.test_iteration3" name="test_brand_logo_svg" time="0.116" /><testcase classname="tests.test_iteration3" name="test_zz_cleanup" time="0.114" /></testsuite></testsuites>