<?xml version="1.0" encoding="utf-8"?><testsuites name="pytest tests"><testsuite name="pytest" errors="0" failures="0" skipped="0" tests="17" time="14.774" timestamp="2026-09-22T10:13:42.169216+00:00" hostname="agent-env-c968c73a-c1d8-4f07-a199-e8607ca7c1bb"><testcase classname="tests.test_iteration2" name="test_login_success" time="0.488" /><testcase classname="tests.test_iteration2" name="test_login_wrong_password" time="0.344" /><testcase classname="tests.test_iteration2" name="test_me_without_auth" time="0.111" /><testcase classname="tests.test_iteration2" name="test_me_with_auth" time="0.491" /><testcase classname="tests.test_iteration2" name="test_brute_force_lockout" time="1.112" /><testcase classname="tests.test_iteration2" name="test_admin_stats_requires_auth" time="0.132" /><testcase classname="tests.test_iteration2" name="test_admin_submissions_requires_auth" time="0.109" /><testcase classname="tests.test_iteration2" name="test_admin_stats" time="0.114" /><testcase classname="tests.test_iteration2" name="test_admin_list_and_search" time="0.220" /><testcase classname="tests.test_iteration2" name="test_admin_export_csv" time="0.137" /><testcase classname="tests.test_iteration2" name="test_admin_delete_submission" time="0.369" /><testcase classname="tests.test_iteration2" name="test_admin_settings_get_and_update" time="0.685" /><testcase classname="tests.test_iteration2" name="test_admin_notifications_list" time="0.117" /><testcase classname="tests.test_iteration2" name="test_email_alert_on_demo" time="1.254" /><testcase classname="tests.test_iteration2" name="test_newsletter_no_alert" time="3.254" /><testcase classname="tests.test_iteration2" name="test_chat_booking_flow" time="5.083" /><testcase classname="tests.test_iteration2" name="test_zz_restore_alert_email" time="0.117" /></testsuite></testsuites>