<?xml version="1.0" encoding="utf-8"?><testsuites name="pytest tests"><testsuite name="pytest" errors="0" failures="0" skipped="0" tests="11" time="6.482" timestamp="2026-09-22T09:48:09.040063+00:00" hostname="agent-env-c968c73a-c1d8-4f07-a199-e8607ca7c1bb"><testcase classname="tests.test_solix_api" name="test_root_health" time="0.306" /><testcase classname="tests.test_solix_api" name="test_submission_create_and_list_demo" time="0.269" /><testcase classname="tests.test_solix_api" name="test_submission_invalid_email" time="0.140" /><testcase classname="tests.test_solix_api" name="test_submission_invalid_type" time="0.159" /><testcase classname="tests.test_solix_api" name="test_submission_all_types[contact]" time="0.154" /><testcase classname="tests.test_solix_api" name="test_submission_all_types[newsletter]" time="0.119" /><testcase classname="tests.test_solix_api" name="test_submission_all_types[career]" time="0.105" /><testcase classname="tests.test_solix_api" name="test_submission_all_types[partner]" time="0.113" /><testcase classname="tests.test_solix_api" name="test_submission_all_types[download]" time="0.114" /><testcase classname="tests.test_solix_api" name="test_chat_short_session_id_422" time="0.132" /><testcase classname="tests.test_solix_api" name="test_chat_stream_and_history_and_multiturn_and_delete" time="4.385" /></testsuite></testsuites>